[2023-11-23T22:02:03.831+0000] {taskinstance.py:1083} INFO - Dependencies all met for <TaskInstance: get_api_data.truncate_existing_data manual__2023-11-23T22:02:02.410945+00:00 [queued]>
[2023-11-23T22:02:03.841+0000] {taskinstance.py:1083} INFO - Dependencies all met for <TaskInstance: get_api_data.truncate_existing_data manual__2023-11-23T22:02:02.410945+00:00 [queued]>
[2023-11-23T22:02:03.841+0000] {taskinstance.py:1279} INFO - 
--------------------------------------------------------------------------------
[2023-11-23T22:02:03.841+0000] {taskinstance.py:1280} INFO - Starting attempt 1 of 13
[2023-11-23T22:02:03.842+0000] {taskinstance.py:1281} INFO - 
--------------------------------------------------------------------------------
[2023-11-23T22:02:03.856+0000] {taskinstance.py:1300} INFO - Executing <Task(PythonOperator): truncate_existing_data> on 2023-11-23 22:02:02.410945+00:00
[2023-11-23T22:02:03.860+0000] {standard_task_runner.py:55} INFO - Started process 1269 to run task
[2023-11-23T22:02:03.862+0000] {standard_task_runner.py:82} INFO - Running: ['***', 'tasks', 'run', 'get_api_data', 'truncate_existing_data', 'manual__2023-11-23T22:02:02.410945+00:00', '--job-id', '8', '--raw', '--subdir', 'DAGS_FOLDER/get_api_data.py', '--cfg-path', '/tmp/tmp7791424b']
[2023-11-23T22:02:03.864+0000] {standard_task_runner.py:83} INFO - Job 8: Subtask truncate_existing_data
[2023-11-23T22:02:03.916+0000] {task_command.py:388} INFO - Running <TaskInstance: get_api_data.truncate_existing_data manual__2023-11-23T22:02:02.410945+00:00 [running]> on host 00af56ec80d3
[2023-11-23T22:02:03.984+0000] {taskinstance.py:1509} INFO - Exporting the following env vars:
AIRFLOW_CTX_DAG_OWNER=***
AIRFLOW_CTX_DAG_ID=get_api_data
AIRFLOW_CTX_TASK_ID=truncate_existing_data
AIRFLOW_CTX_EXECUTION_DATE=2023-11-23T22:02:02.410945+00:00
AIRFLOW_CTX_TRY_NUMBER=1
AIRFLOW_CTX_DAG_RUN_ID=manual__2023-11-23T22:02:02.410945+00:00
[2023-11-23T22:02:03.993+0000] {base.py:73} INFO - Using connection ID 'mysql_localhost' for task execution.
[2023-11-23T22:02:04.039+0000] {logging_mixin.py:137} INFO - Table 'Real_Estate_Transaction' truncated successfully.
[2023-11-23T22:02:04.039+0000] {python.py:177} INFO - Done. Returned value was: None
[2023-11-23T22:02:04.048+0000] {taskinstance.py:1323} INFO - Marking task as SUCCESS. dag_id=get_api_data, task_id=truncate_existing_data, execution_date=20231123T220202, start_date=20231123T220203, end_date=20231123T220204
[2023-11-23T22:02:04.075+0000] {local_task_job.py:208} INFO - Task exited with return code 0
[2023-11-23T22:02:04.096+0000] {taskinstance.py:2578} INFO - 1 downstream tasks scheduled from follow-on schedule check
