[2023-11-23T22:02:05.061+0000] {taskinstance.py:1083} INFO - Dependencies all met for <TaskInstance: get_api_data.load_data manual__2023-11-23T22:02:02.410945+00:00 [queued]>
[2023-11-23T22:02:05.069+0000] {taskinstance.py:1083} INFO - Dependencies all met for <TaskInstance: get_api_data.load_data manual__2023-11-23T22:02:02.410945+00:00 [queued]>
[2023-11-23T22:02:05.070+0000] {taskinstance.py:1279} INFO - 
--------------------------------------------------------------------------------
[2023-11-23T22:02:05.070+0000] {taskinstance.py:1280} INFO - Starting attempt 1 of 13
[2023-11-23T22:02:05.070+0000] {taskinstance.py:1281} INFO - 
--------------------------------------------------------------------------------
[2023-11-23T22:02:05.084+0000] {taskinstance.py:1300} INFO - Executing <Task(PythonOperator): load_data> on 2023-11-23 22:02:02.410945+00:00
[2023-11-23T22:02:05.090+0000] {standard_task_runner.py:55} INFO - Started process 1272 to run task
[2023-11-23T22:02:05.092+0000] {standard_task_runner.py:82} INFO - Running: ['***', 'tasks', 'run', 'get_api_data', 'load_data', 'manual__2023-11-23T22:02:02.410945+00:00', '--job-id', '9', '--raw', '--subdir', 'DAGS_FOLDER/get_api_data.py', '--cfg-path', '/tmp/tmpc1h4qz1s']
[2023-11-23T22:02:05.094+0000] {standard_task_runner.py:83} INFO - Job 9: Subtask load_data
[2023-11-23T22:02:05.145+0000] {task_command.py:388} INFO - Running <TaskInstance: get_api_data.load_data manual__2023-11-23T22:02:02.410945+00:00 [running]> on host 00af56ec80d3
[2023-11-23T22:02:05.206+0000] {taskinstance.py:1509} INFO - Exporting the following env vars:
AIRFLOW_CTX_DAG_OWNER=***
AIRFLOW_CTX_DAG_ID=get_api_data
AIRFLOW_CTX_TASK_ID=load_data
AIRFLOW_CTX_EXECUTION_DATE=2023-11-23T22:02:02.410945+00:00
AIRFLOW_CTX_TRY_NUMBER=1
AIRFLOW_CTX_DAG_RUN_ID=manual__2023-11-23T22:02:02.410945+00:00
[2023-11-23T22:02:06.124+0000] {logging_mixin.py:137} INFO - 2020-01: data extracting
[2023-11-23T22:02:06.133+0000] {warnings.py:110} WARNING - /home/***/.local/lib/python3.7/site-packages/bs4/__init__.py:226: UserWarning: You provided Unicode markup but also provided a value for from_encoding. Your from_encoding will be ignored.
  warnings.warn("You provided Unicode markup but also provided a value for from_encoding. Your from_encoding will be ignored.")

[2023-11-23T22:02:06.957+0000] {logging_mixin.py:137} INFO - 2020-02: data extracting
[2023-11-23T22:02:07.854+0000] {logging_mixin.py:137} INFO - 2020-03: data extracting
[2023-11-23T22:02:08.763+0000] {logging_mixin.py:137} INFO - 2020-04: data extracting
[2023-11-23T22:02:09.558+0000] {logging_mixin.py:137} INFO - 2020-05: data extracting
[2023-11-23T22:02:10.439+0000] {logging_mixin.py:137} INFO - 2020-06: data extracting
[2023-11-23T22:02:11.249+0000] {logging_mixin.py:137} INFO - 2020-07: data extracting
[2023-11-23T22:02:12.322+0000] {logging_mixin.py:137} INFO - 2020-08: data extracting
[2023-11-23T22:02:13.129+0000] {logging_mixin.py:137} INFO - 2020-09: data extracting
[2023-11-23T22:02:14.136+0000] {logging_mixin.py:137} INFO - 2020-10: data extracting
[2023-11-23T22:02:14.942+0000] {logging_mixin.py:137} INFO - 2020-11: data extracting
[2023-11-23T22:02:15.703+0000] {logging_mixin.py:137} INFO - 2020-12: data extracting
[2023-11-23T22:02:16.481+0000] {logging_mixin.py:137} INFO - 2021-01: data extracting
[2023-11-23T22:02:17.266+0000] {logging_mixin.py:137} INFO - 2021-02: data extracting
[2023-11-23T22:02:18.083+0000] {logging_mixin.py:137} INFO - 2021-03: data extracting
[2023-11-23T22:02:18.823+0000] {logging_mixin.py:137} INFO - 2021-04: data extracting
[2023-11-23T22:02:19.616+0000] {logging_mixin.py:137} INFO - 2021-05: data extracting
[2023-11-23T22:02:20.608+0000] {logging_mixin.py:137} INFO - 2021-06: data extracting
[2023-11-23T22:02:21.394+0000] {logging_mixin.py:137} INFO - 2021-07: data extracting
[2023-11-23T22:02:22.387+0000] {logging_mixin.py:137} INFO - 2021-08: data extracting
[2023-11-23T22:02:23.271+0000] {logging_mixin.py:137} INFO - 2021-09: data extracting
[2023-11-23T22:02:24.047+0000] {logging_mixin.py:137} INFO - 2021-10: data extracting
[2023-11-23T22:02:24.802+0000] {logging_mixin.py:137} INFO - 2021-11: data extracting
[2023-11-23T22:02:25.593+0000] {logging_mixin.py:137} INFO - 2021-12: data extracting
[2023-11-23T22:02:26.630+0000] {logging_mixin.py:137} INFO - 2022-01: data extracting
[2023-11-23T22:02:27.434+0000] {logging_mixin.py:137} INFO - 2022-02: data extracting
[2023-11-23T22:02:28.471+0000] {logging_mixin.py:137} INFO - 2022-03: data extracting
[2023-11-23T22:02:29.406+0000] {logging_mixin.py:137} INFO - 2022-04: data extracting
[2023-11-23T22:02:30.159+0000] {logging_mixin.py:137} INFO - 2022-05: data extracting
[2023-11-23T22:02:31.161+0000] {logging_mixin.py:137} INFO - 2022-06: data extracting
[2023-11-23T22:02:31.916+0000] {logging_mixin.py:137} INFO - 2022-07: data extracting
[2023-11-23T22:02:32.699+0000] {logging_mixin.py:137} INFO - 2022-08: data extracting
[2023-11-23T22:02:33.500+0000] {logging_mixin.py:137} INFO - 2022-09: data extracting
[2023-11-23T22:02:34.477+0000] {logging_mixin.py:137} INFO - 2022-10: data extracting
[2023-11-23T22:02:35.234+0000] {logging_mixin.py:137} INFO - 2022-11: data extracting
[2023-11-23T22:02:36.031+0000] {logging_mixin.py:137} INFO - 2022-12: data extracting
[2023-11-23T22:02:36.818+0000] {logging_mixin.py:137} INFO - 2023-01: data extracting
[2023-11-23T22:02:37.626+0000] {logging_mixin.py:137} INFO - 2023-02: data extracting
[2023-11-23T22:02:38.624+0000] {logging_mixin.py:137} INFO - 2023-03: data extracting
[2023-11-23T22:02:39.408+0000] {logging_mixin.py:137} INFO - 2023-04: data extracting
[2023-11-23T22:02:40.224+0000] {logging_mixin.py:137} INFO - 2023-05: data extracting
[2023-11-23T22:02:41.015+0000] {logging_mixin.py:137} INFO - 2023-06: data extracting
[2023-11-23T22:02:41.823+0000] {logging_mixin.py:137} INFO - 2023-07: data extracting
[2023-11-23T22:02:42.621+0000] {logging_mixin.py:137} INFO - 2023-08: data extracting
[2023-11-23T22:02:43.386+0000] {logging_mixin.py:137} INFO - 2023-09: data extracting
[2023-11-23T22:02:44.148+0000] {logging_mixin.py:137} INFO - 2023-10: data extracting
[2023-11-23T22:02:44.948+0000] {logging_mixin.py:137} INFO - 2023-11: data extracting
[2023-11-23T22:02:44.965+0000] {logging_mixin.py:137} INFO - Extract Data finished
[2023-11-23T22:02:44.974+0000] {base.py:73} INFO - Using connection ID 'mysql_localhost' for task execution.
[2023-11-23T22:02:45.048+0000] {logging_mixin.py:137} INFO - 470 rows inserted into Real_Estate_Transaction table.
[2023-11-23T22:02:45.049+0000] {python.py:177} INFO - Done. Returned value was: None
[2023-11-23T22:02:45.058+0000] {taskinstance.py:1323} INFO - Marking task as SUCCESS. dag_id=get_api_data, task_id=load_data, execution_date=20231123T220202, start_date=20231123T220205, end_date=20231123T220245
[2023-11-23T22:02:45.114+0000] {local_task_job.py:208} INFO - Task exited with return code 0
[2023-11-23T22:02:45.127+0000] {taskinstance.py:2578} INFO - 0 downstream tasks scheduled from follow-on schedule check
