[2023-11-23T22:33:55.898+0000] {taskinstance.py:1083} INFO - Dependencies all met for <TaskInstance: get_api_data.truncate_existing_data manual__2023-11-23T22:33:54.606915+00:00 [queued]>
[2023-11-23T22:33:55.905+0000] {taskinstance.py:1083} INFO - Dependencies all met for <TaskInstance: get_api_data.truncate_existing_data manual__2023-11-23T22:33:54.606915+00:00 [queued]>
[2023-11-23T22:33:55.906+0000] {taskinstance.py:1279} INFO - 
--------------------------------------------------------------------------------
[2023-11-23T22:33:55.907+0000] {taskinstance.py:1280} INFO - Starting attempt 1 of 13
[2023-11-23T22:33:55.907+0000] {taskinstance.py:1281} INFO - 
--------------------------------------------------------------------------------
[2023-11-23T22:33:55.924+0000] {taskinstance.py:1300} INFO - Executing <Task(PythonOperator): truncate_existing_data> on 2023-11-23 22:33:54.606915+00:00
[2023-11-23T22:33:55.929+0000] {standard_task_runner.py:55} INFO - Started process 4568 to run task
[2023-11-23T22:33:55.932+0000] {standard_task_runner.py:82} INFO - Running: ['***', 'tasks', 'run', 'get_api_data', 'truncate_existing_data', 'manual__2023-11-23T22:33:54.606915+00:00', '--job-id', '24', '--raw', '--subdir', 'DAGS_FOLDER/get_api_data.py', '--cfg-path', '/tmp/tmp80_x6prc']
[2023-11-23T22:33:55.934+0000] {standard_task_runner.py:83} INFO - Job 24: Subtask truncate_existing_data
[2023-11-23T22:33:55.985+0000] {task_command.py:388} INFO - Running <TaskInstance: get_api_data.truncate_existing_data manual__2023-11-23T22:33:54.606915+00:00 [running]> on host 00af56ec80d3
[2023-11-23T22:33:56.054+0000] {taskinstance.py:1509} INFO - Exporting the following env vars:
AIRFLOW_CTX_DAG_OWNER=***
AIRFLOW_CTX_DAG_ID=get_api_data
AIRFLOW_CTX_TASK_ID=truncate_existing_data
AIRFLOW_CTX_EXECUTION_DATE=2023-11-23T22:33:54.606915+00:00
AIRFLOW_CTX_TRY_NUMBER=1
AIRFLOW_CTX_DAG_RUN_ID=manual__2023-11-23T22:33:54.606915+00:00
[2023-11-23T22:33:56.063+0000] {base.py:73} INFO - Using connection ID 'mysql_localhost' for task execution.
[2023-11-23T22:33:56.115+0000] {logging_mixin.py:137} INFO - Table 'Real_Estate_Transaction' truncated successfully.
[2023-11-23T22:33:56.116+0000] {python.py:177} INFO - Done. Returned value was: None
[2023-11-23T22:33:56.124+0000] {taskinstance.py:1323} INFO - Marking task as SUCCESS. dag_id=get_api_data, task_id=truncate_existing_data, execution_date=20231123T223354, start_date=20231123T223355, end_date=20231123T223356
[2023-11-23T22:33:56.184+0000] {local_task_job.py:208} INFO - Task exited with return code 0
[2023-11-23T22:33:56.201+0000] {taskinstance.py:2578} INFO - 0 downstream tasks scheduled from follow-on schedule check
